13:27 INFO  project.connection.ConnectionPool - Registering jdbc driver.
13:35 INFO  project.connection.ConnectionPool - Registering jdbc driver.
13:49 INFO  project.connection.ConnectionPool - Registering jdbc driver.
13:49 INFO  project.connection.ConnectionPool - Registering jdbc driver.
13:55 INFO  project.connection.ConnectionPool - Registering jdbc driver.
14:00 INFO  project.connection.ConnectionPool - Registering jdbc driver.
14:07 INFO  project.connection.ConnectionPool - Registering jdbc driver.
14:29 INFO  project.connection.ConnectionPool - Registering jdbc driver.
14:29 INFO  project.connection.ConnectionPool - Registering jdbc driver.
15:25 INFO  project.connection.ConnectionPool - Registering jdbc driver.
15:29 INFO  project.connection.ConnectionPool - Registering jdbc driver.
15:53 INFO  project.connection.ConnectionPool - Registering jdbc driver.
16:29 FATAL project.connection.PropertyLoader - Cannot find database driver's configuration file.
16:30 FATAL project.connection.PropertyLoader - Cannot find database driver's configuration file.
16:30 INFO  project.connection.ConnectionPool - Registering jdbc driver.
16:36 FATAL project.connection.PropertyLoader - Cannot find database driver's configuration file.
16:39 INFO  project.connection.ConnectionPool - Registering jdbc driver.
16:47 INFO  project.connection.ConnectionPool - Registering jdbc driver.
16:54 FATAL project.connection.PropertyLoader - Cannot find database driver's configuration file.
17:15 FATAL project.connection.PropertyLoader - Cannot find database driver's configuration file.
17:15 INFO  project.connection.ConnectionPool - Registering jdbc driver.
19:15 FATAL project.connection.PropertyLoader - Cannot find database driver's configuration file.
19:15 INFO  project.connection.ConnectionPool - Registering jdbc driver.
19:22 INFO  project.connection.ConnectionPool - Registering jdbc driver.
19:22 INFO  project.connection.ConnectionPool - Registering jdbc driver.
19:31 INFO  project.connection.ConnectionPool - Registering jdbc driver.
19:32 FATAL project.connection.PropertyLoader - Cannot find database driver's configuration file.
19:32 FATAL project.connection.PropertyLoader - Cannot find database driver's configuration file.
19:33 INFO  project.connection.ConnectionPool - Registering jdbc driver.
19:37 INFO  project.connection.ConnectionPool - Registering jdbc driver.
19:39 INFO  project.connection.ConnectionPool - Registering jdbc driver.
19:40 INFO  project.connection.ConnectionPool - Registering jdbc driver.
19:49 INFO  project.connection.ConnectionPool - Registering jdbc driver.
20:04 INFO  project.connection.ConnectionPool - Registering jdbc driver.
20:09 INFO  project.connection.ConnectionPool - Registering jdbc driver.
20:14 INFO  project.connection.ConnectionPool - Registering jdbc driver.
20:15 INFO  project.connection.ConnectionPool - Registering jdbc driver.
20:17 INFO  project.connection.ConnectionPool - Registering jdbc driver.
20:18 INFO  project.connection.ConnectionPool - Registering jdbc driver.
10:22 INFO  project.connection.ConnectionPool - Registering jdbc driver.
14-02 22:17 INFO  project.filter.LogFilter - Fri Feb 14 22:17:16 MSK 2020 - ServletPath :/index.jsp, URL =http://localhost:8189/CleaningAgencyProject_war_exploded/
14-02 22:17 INFO  project.filter.LogFilter - Fri Feb 14 22:17:29 MSK 2020 - ServletPath :/index.jsp, URL =http://localhost:8189/CleaningAgencyProject_war_exploded/
14-02 22:17 INFO  project.filter.LogFilter - Fri Feb 14 22:17:35 MSK 2020 - ServletPath :/controller, URL =http://localhost:8189/CleaningAgencyProject_war_exploded/controller
14-02 22:17 INFO  project.filter.LogFilter - Fri Feb 14 22:17:38 MSK 2020 - ServletPath :/controller, URL =http://localhost:8189/CleaningAgencyProject_war_exploded/controller
014 14-02 23:21 INFO  project.filter.LogFilter -  - ServletPath :/index.jsp, URL =http://localhost:8189/CleaningAgencyProject_war_exploded/
014 14-02 23:21 INFO  project.filter.LogFilter -  - ServletPath :/index.jsp, URL =http://localhost:8189/CleaningAgencyProject_war_exploded/
014 14-02 23:21 INFO  project.filter.LogFilter -  - ServletPath :/controller, URL =http://localhost:8189/CleaningAgencyProject_war_exploded/controller
014 14-02 23:21 INFO  project.filter.LogFilter -  - ServletPath :/controller, URL =http://localhost:8189/CleaningAgencyProject_war_exploded/controller
014 14-02 23:21 INFO  project.filter.LogFilter -  - ServletPath :/controller, URL =http://localhost:8189/CleaningAgencyProject_war_exploded/controller
014 14-02 23:21 INFO  project.connection.ConnectionPool - Registering jdbc driver.
014 14-02 23:21 INFO  project.connection.ProxyConnection - Connection to BD is successful.
014 14-02 23:21 INFO  project.connection.ProxyConnection - Connection to BD is successful.
014 14-02 23:21 INFO  project.connection.ProxyConnection - Connection to BD is successful.
014 14-02 23:21 INFO  project.connection.ProxyConnection - Connection to BD is successful.
014 14-02 23:21 INFO  project.connection.ProxyConnection - Connection to BD is successful.
014 14-02 23:21 INFO  project.connection.ProxyConnection - Connection to BD is successful.
014 14-02 23:21 INFO  project.connection.ProxyConnection - Connection to BD is successful.
014 14-02 23:21 INFO  project.connection.ProxyConnection - Connection to BD is successful.
014 14-02 23:21 INFO  project.connection.ProxyConnection - Connection to BD is successful.
014 14-02 23:21 INFO  project.connection.ProxyConnection - Connection to BD is successful.
014 14-02 23:21 INFO  project.connection.ProxyConnection - Connection to BD is successful.
014 14-02 23:21 INFO  project.connection.ProxyConnection - Connection to BD is successful.
014 14-02 23:21 INFO  project.connection.ProxyConnection - Connection to BD is successful.
014 14-02 23:21 INFO  project.connection.ProxyConnection - Connection to BD is successful.
014 14-02 23:21 INFO  project.connection.ProxyConnection - Connection to BD is successful.
014 14-02 23:21 INFO  project.connection.ProxyConnection - Connection to BD is successful.
014 14-02 23:21 INFO  project.connection.ProxyConnection - Connection to BD is successful.
014 14-02 23:21 INFO  project.connection.ProxyConnection - Connection to BD is successful.
014 14-02 23:21 INFO  project.connection.ProxyConnection - Connection to BD is successful.
014 14-02 23:21 INFO  project.connection.ProxyConnection - Connection to BD is successful.
014 14-02 23:21 INFO  project.filter.LogFilter -  - ServletPath :/jsp/login.jsp, URL =http://localhost:8189/CleaningAgencyProject_war_exploded/jsp/login.jsp
014 14-02 23:29 INFO  project.filter.LogFilter -  - ServletPath :/index.jsp, URL =http://localhost:8189/CleaningAgencyProject_war_exploded/
014 14-02 23:30 INFO  project.filter.LogFilter -  - ServletPath :/index.jsp, URL =http://localhost:8189/CleaningAgencyProject_war_exploded/
014 14-02 23:30 INFO  project.filter.LogFilter -  - ServletPath :/controller, URL =http://localhost:8189/CleaningAgencyProject_war_exploded/controller
014 14-02 23:30 INFO  project.filter.LogFilter -  - ServletPath :/jsp/login.jsp, URL =http://localhost:8189/CleaningAgencyProject_war_exploded/jsp/login.jsp
014 14-02 23:31 INFO  project.filter.LogFilter -  - ServletPath :/controller, URL =http://localhost:8189/CleaningAgencyProject_war_exploded/controller
014 14-02 23:31 INFO  project.filter.LogFilter -  - ServletPath :/jsp/registration/registrationForm.jsp, URL =http://localhost:8189/CleaningAgencyProject_war_exploded/jsp/registration/registrationForm.jsp
014 14-02 23:31 INFO  project.filter.LogFilter -  - ServletPath :/controller, URL =http://localhost:8189/CleaningAgencyProject_war_exploded/controller
014 14-02 23:31 INFO  project.filter.LogFilter -  - ServletPath :/controller, URL =http://localhost:8189/CleaningAgencyProject_war_exploded/controller
014 14-02 23:32 INFO  project.filter.LogFilter -  - ServletPath :/controller, URL =http://localhost:8189/CleaningAgencyProject_war_exploded/controller
014 14-02 23:32 INFO  project.connection.ConnectionPool - Registering jdbc driver.
014 14-02 23:32 INFO  project.connection.ProxyConnection - Connection to DB is created successful.
014 14-02 23:32 INFO  project.connection.ProxyConnection - Connection to DB is created successful.
014 14-02 23:32 INFO  project.connection.ProxyConnection - Connection to DB is created successful.
014 14-02 23:32 INFO  project.connection.ProxyConnection - Connection to DB is created successful.
014 14-02 23:32 INFO  project.connection.ProxyConnection - Connection to DB is created successful.
014 14-02 23:32 INFO  project.connection.ProxyConnection - Connection to DB is created successful.
014 14-02 23:32 INFO  project.connection.ProxyConnection - Connection to DB is created successful.
014 14-02 23:32 INFO  project.connection.ProxyConnection - Connection to DB is created successful.
014 14-02 23:32 INFO  project.connection.ProxyConnection - Connection to DB is created successful.
014 14-02 23:32 INFO  project.connection.ProxyConnection - Connection to DB is created successful.
014 14-02 23:32 INFO  project.connection.ProxyConnection - Connection to DB is created successful.
014 14-02 23:32 INFO  project.connection.ProxyConnection - Connection to DB is created successful.
014 14-02 23:32 INFO  project.connection.ProxyConnection - Connection to DB is created successful.
014 14-02 23:32 INFO  project.connection.ProxyConnection - Connection to DB is created successful.
014 14-02 23:32 INFO  project.connection.ProxyConnection - Connection to DB is created successful.
014 14-02 23:32 INFO  project.connection.ProxyConnection - Connection to DB is created successful.
014 14-02 23:32 INFO  project.connection.ProxyConnection - Connection to DB is created successful.
014 14-02 23:32 INFO  project.connection.ProxyConnection - Connection to DB is created successful.
014 14-02 23:32 INFO  project.connection.ProxyConnection - Connection to DB is created successful.
014 14-02 23:32 INFO  project.connection.ProxyConnection - Connection to DB is created successful.
014 14-02 23:32 INFO  project.filter.LogFilter -  - ServletPath :/jsp/main/mainCleaner.jsp, URL =http://localhost:8189/CleaningAgencyProject_war_exploded/jsp/main/mainCleaner.jsp
014 14-02 23:32 INFO  project.filter.LogFilter -  - ServletPath :/controller, URL =http://localhost:8189/CleaningAgencyProject_war_exploded/controller
014 14-02 23:32 INFO  project.filter.LogFilter -  - ServletPath :/jsp/menu/profile.jsp, URL =http://localhost:8189/CleaningAgencyProject_war_exploded/jsp/menu/profile.jsp
014 14-02 23:32 INFO  project.filter.LogFilter -  - ServletPath :/controller, URL =http://localhost:8189/CleaningAgencyProject_war_exploded/controller
014 14-02 23:32 INFO  project.filter.LogFilter -  - ServletPath :/controller, URL =http://localhost:8189/CleaningAgencyProject_war_exploded/controller
014 14-02 23:32 INFO  project.filter.LogFilter -  - ServletPath :/controller, URL =http://localhost:8189/CleaningAgencyProject_war_exploded/controller
014 14-02 23:32 INFO  project.filter.LogFilter -  - ServletPath :/controller, URL =http://localhost:8189/CleaningAgencyProject_war_exploded/controller
014 14-02 23:37 INFO  project.filter.LogFilter -  - ServletPath :/controller, URL =http://localhost:8189/CleaningAgencyProject_war_exploded/controller
014 14-02 23:37 INFO  project.filter.LogFilter -  - ServletPath :/jsp/menu/profile.jsp, URL =http://localhost:8189/CleaningAgencyProject_war_exploded/jsp/menu/profile.jsp
014 14-02 23:37 INFO  project.filter.LogFilter -  - ServletPath :/controller, URL =http://localhost:8189/CleaningAgencyProject_war_exploded/controller
014 14-02 23:37 INFO  project.filter.LogFilter -  - ServletPath :/controller, URL =http://localhost:8189/CleaningAgencyProject_war_exploded/controller
014 14-02 23:37 INFO  project.filter.LogFilter -  - ServletPath :/controller, URL =http://localhost:8189/CleaningAgencyProject_war_exploded/controller
014 14-02 23:37 INFO  project.filter.LogFilter -  - ServletPath :/jsp/main/mainCleaner.jsp, URL =http://localhost:8189/CleaningAgencyProject_war_exploded/jsp/main/mainCleaner.jsp
014 14-02 23:37 INFO  project.filter.LogFilter -  - ServletPath :/controller, URL =http://localhost:8189/CleaningAgencyProject_war_exploded/controller
014 14-02 23:37 INFO  project.filter.LogFilter -  - ServletPath :/jsp/main/mainCleaner.jsp, URL =http://localhost:8189/CleaningAgencyProject_war_exploded/jsp/main/mainCleaner.jsp
014 14-02 23:37 INFO  project.filter.LogFilter -  - ServletPath :/jsp/main/mainCleaner.jsp, URL =http://localhost:8189/CleaningAgencyProject_war_exploded/jsp/main/mainCleaner.jsp
014 14-02 23:37 INFO  project.filter.LogFilter -  - ServletPath :/controller, URL =http://localhost:8189/CleaningAgencyProject_war_exploded/controller
